0 info it worked if it ends with ok
1 verbose cli [ '/usr/bin/node',
1 verbose cli   '/usr/bin/npm',
1 verbose cli   'info',
1 verbose cli   'calculator-service@0.0.39' ]
2 info using npm@1.4.28
3 info using node@v0.10.36
4 verbose request where is /nexus/content/groups/livetex-npm-group/calculator-service
5 verbose request registry http://sonatype-nexus.livetex.ru/
6 verbose request id 8f5204a8f2d2b660
7 verbose url raw /nexus/content/groups/livetex-npm-group/calculator-service
8 verbose url resolving [ 'http://sonatype-nexus.livetex.ru/',
8 verbose url resolving   './nexus/content/groups/livetex-npm-group/calculator-service' ]
9 verbose url resolved http://sonatype-nexus.livetex.ru/nexus/content/groups/livetex-npm-group/calculator-service
10 verbose request where is http://sonatype-nexus.livetex.ru/nexus/content/groups/livetex-npm-group/calculator-service
11 info trying registry request attempt 1 at 17:17:44
12 http GET http://sonatype-nexus.livetex.ru/nexus/content/groups/livetex-npm-group/calculator-service
13 http 404 http://sonatype-nexus.livetex.ru/nexus/content/groups/livetex-npm-group/calculator-service
14 verbose bad json <html>
14 verbose bad json   <head>
14 verbose bad json     <title>404 - Path /calculator-service not found in group repository &quot;livetex-npm-group&quot; [id=livetex-npm-group].</title>
14 verbose bad json     <meta http-equiv="Content-Type" content="text/html; charset=utf-8"/>
14 verbose bad json
14 verbose bad json     <link rel="icon" type="image/png" href="http://sonatype-nexus.livetex.ru/nexus/favicon.png">
14 verbose bad json     <!--[if IE]>
14 verbose bad json     <link rel="SHORTCUT ICON" href="http://sonatype-nexus.livetex.ru/nexus/favicon.ico"/>
14 verbose bad json     <![endif]-->
14 verbose bad json
14 verbose bad json     <link rel="stylesheet" href="http://sonatype-nexus.livetex.ru/nexus/static/css/Sonatype-content.css?2.11.1-01" type="text/css" media="screen" title="no title" charset="utf-8">
14 verbose bad json   </head>
14 verbose bad json   <body>
14 verbose bad json     <h1>404 - Path /calculator-service not found in group repository &quot;livetex-npm-group&quot; [id=livetex-npm-group].</h1>
14 verbose bad json     <p>Path /calculator-service not found in group repository &quot;livetex-npm-group&quot; [id=livetex-npm-group].</p>
14 verbose bad json   </body>
14 verbose bad json </html>
15 error registry error parsing json
16 verbose headers { server: 'nginx/1.6.0',
16 verbose headers   date: 'Fri, 05 Jun 2015 14:16:19 GMT',
16 verbose headers   'content-type': 'text/html; charset=utf-8',
16 verbose headers   'transfer-encoding': 'chunked',
16 verbose headers   connection: 'keep-alive',
16 verbose headers   'x-frame-options': 'SAMEORIGIN',
16 verbose headers   'x-content-type-options': 'nosniff',
16 verbose headers   'set-cookie': [ 'rememberMe=deleteMe; Path=/nexus; Max-Age=0; Expires=Thu, 04-Jun-2015 14:16:18 GMT' ],
16 verbose headers   'content-encoding': 'gzip' }
17 silly registry.get cb [ 404,
17 silly registry.get   { server: 'nginx/1.6.0',
17 silly registry.get     date: 'Fri, 05 Jun 2015 14:16:19 GMT',
17 silly registry.get     'content-type': 'text/html; charset=utf-8',
17 silly registry.get     'transfer-encoding': 'chunked',
17 silly registry.get     connection: 'keep-alive',
17 silly registry.get     'x-frame-options': 'SAMEORIGIN',
17 silly registry.get     'x-content-type-options': 'nosniff',
17 silly registry.get     'set-cookie': [ 'rememberMe=deleteMe; Path=/nexus; Max-Age=0; Expires=Thu, 04-Jun-2015 14:16:18 GMT' ],
17 silly registry.get     'content-encoding': 'gzip' } ]
18 error SyntaxError: Unexpected token <
18 error <html>
18 error   <head>
18 error     <title>404 - Path /calculator-service not found in group repository &quot;livetex-npm-group&quot; [id=livetex-npm-group].</title>
18 error     <meta http-equiv="Content-Type" content="text/html; charset=utf-8"/>
18 error
18 error     <link rel="icon" type="image/png" href="http://sonatype-nexus.livetex.ru/nexus/favicon.png">
18 error     <!--[if IE]>
18 error     <link rel="SHORTCUT ICON" href="http://sonatype-nexus.livetex.ru/nexus/favicon.ico"/>
18 error     <![endif]-->
18 error
18 error     <link rel="stylesheet" href="http://sonatype-nexus.livetex.ru/nexus/static/css/Sonatype-content.css?2.11.1-01" type="text/css" media="screen" title="no title" charset="utf-8">
18 error   </head>
18 error   <body>
18 error     <h1>404 - Path /calculator-service not found in group repository &quot;livetex-npm-group&quot; [id=livetex-npm-group].</h1>
18 error     <p>Path /calculator-service not found in group repository &quot;livetex-npm-group&quot; [id=livetex-npm-group].</p>
18 error   </body>
18 error </html>
18 error
18 error     at Object.parse (native)
18 error     at RegClient.<anonymous> (/usr/lib/node_modules/npm/node_modules/npm-registry-client/lib/request.js:274:23)
18 error     at /usr/lib/node_modules/npm/node_modules/npm-registry-client/lib/request.js:251:7
18 error     at Gunzip.onEnd (zlib.js:167:5)
18 error     at Gunzip.emit (events.js:117:20)
18 error     at _stream_readable.js:944:16
18 error     at process._tickCallback (node.js:442:13)
19 error If you need help, you may report this *entire* log,
19 error including the npm and node versions, at:
19 error     <http://github.com/npm/npm/issues>
20 error System Linux 3.16.0-4-amd64
21 error command "/usr/bin/node" "/usr/bin/npm" "info" "calculator-service@0.0.39"
22 error cwd /home/a.sakaev/ApacheThriftCalculator
23 error node -v v0.10.36
24 error npm -v 1.4.28
25 error type unexpected_token
26 verbose exit [ 1, true ]
